#
# There is insufficient memory for the Java Runtime Environment to continue.
# Native memory allocation (mmap) failed to map 528482304 bytes. Error detail: G1 virtual space
# Possible reasons:
#   The system is out of physical RAM or swap space
#   This process is running with CompressedOops enabled, and the Java Heap may be blocking the growth of the native heap
# Possible solutions:
#   Reduce memory load on the system
#   Increase physical memory or swap space
#   Check if swap backing store is full
#   Decrease Java heap size (-Xmx/-Xms)
#   Decrease number of Java threads
#   Decrease Java thread stack sizes (-Xss)
#   Set larger code cache with -XX:ReservedCodeCacheSize=
#   JVM is running with Zero Based Compressed Oops mode in which the Java heap is
#     placed in the first 32GB address space. The Java Heap base address is the
#     maximum limit for the native heap growth. Please use -XX:HeapBaseMinAddress
#     to set the Java Heap base and to place the Java Heap above 32GB virtual address.
# This output file may be truncated or incomplete.
#
#  Out of Memory Error (os_windows.cpp:3564), pid=21712, tid=6436
#
# JRE version:  (24.0.2+12) (build )
# Java VM: Java HotSpot(TM) 64-Bit Server VM (24.0.2+12-54, mixed mode, sharing, tiered, compressed oops, compressed class ptrs, g1 gc, windows-amd64)
# No core dump will be written. Minidumps are not enabled by default on client versions of Windows
#

---------------  S U M M A R Y ------------

Command Line: -javaagent:C:\Program Files\JetBrains\IntelliJ IDEA Community Edition 2025.2.4\lib\idea_rt.jar=60172 -Dfile.encoding=UTF-8 -Dsun.stdout.encoding=UTF-8 -Dsun.stderr.encoding=UTF-8 ex201

Host: Intel(R) Core(TM) Ultra 5 235, 14 cores, 31G,  Windows 11 , 64 bit Build 26100 (10.0.26100.7019)
Time: Tue Nov 25 12:11:33 2025 SE Asia Standard Time elapsed time: 1.020525 seconds (0d 0h 0m 1s)

---------------  T H R E A D  ---------------

Current thread (0x000001963dcab260):  JavaThread "Unknown thread" [_thread_in_vm, id=6436, stack(0x0000001fc3700000,0x0000001fc3800000) (1024K)]

Stack: [0x0000001fc3700000,0x0000001fc3800000]
Native frames: (J=compiled Java code, j=interpreted, Vv=VM code, C=native code)
V  [jvm.dll+0x730829]  (no source info available)
V  [jvm.dll+0x8d9da3]  (no source info available)
V  [jvm.dll+0x8dc28d]  (no source info available)
V  [jvm.dll+0x8dc903]  (no source info available)
V  [jvm.dll+0x2a9f56]  (no source info available)
V  [jvm.dll+0x72cd55]  (no source info available)
V  [jvm.dll+0x72066a]  (no source info available)
V  [jvm.dll+0x390b7a]  (no source info available)
V  [jvm.dll+0x398906]  (no source info available)
V  [jvm.dll+0x3850de]  (no source info available)
V  [jvm.dll+0x385398]  (no source info available)
V  [jvm.dll+0x35d10c]  (no source info available)
V  [jvm.dll+0x35ddcd]  (no source info available)
V  [jvm.dll+0x89d50f]  (no source info available)
V  [jvm.dll+0x3f979d]  (no source info available)
V  [jvm.dll+0x885b66]  (no source info available)
V  [jvm.dll+0x495e7e]  (no source info available)
V  [jvm.dll+0x497c51]  (no source info available)
C  [jli.dll+0x52a1]  (no source info available)
C  [ucrtbase.dll+0x37b0]  (no source info available)
C  [KERNEL32.DLL+0x2e8d7]  (no source info available)
C  [ntdll.dll+0x8c53c]  (no source info available)

Lock stack of current Java thread (top to bottom):


---------------  P R O C E S S  ---------------

Threads class SMR info:
_java_thread_list=0x00007ffec218f318, length=0, elements={
}

Java Threads: ( => current thread )
Total: 0

Other Threads:
  0x000001963dd53750 WorkerThread "GC Thread#0"                     [id=22088, stack(0x0000001fc3800000,0x0000001fc3900000) (1024K)]
  0x000001963dd69050 ConcurrentGCThread "G1 Main Marker"            [id=1940, stack(0x0000001fc3900000,0x0000001fc3a00000) (1024K)]
  0x000001963dd69a70 WorkerThread "G1 Conc#0"                       [id=11564, stack(0x0000001fc3a00000,0x0000001fc3b00000) (1024K)]

[error occurred during error reporting (printing all threads), id 0xc0000005, EXCEPTION_ACCESS_VIOLATION (0xc0000005) at pc=0x00007ffec18c138a]
VM state: not at safepoint (not fully initialized)

VM Mutex/Monitor currently owned by a thread:  ([mutex/lock_event])
[0x00007ffec22145f0] Heap_lock - owner thread: 0x000001963dcab260

Heap address: 0x0000000608800000, size: 8056 MB, Compressed Oops mode: Zero based, Oop shift amount: 3

CDS archive(s) mapped at: [0x0000000000000000-0x0000000000000000-0x0000000000000000), size 0, SharedBaseAddress: 0x0000000800000000, ArchiveRelocationMode: 1.
UseCompressedClassPointers 1, UseCompactObjectHeaders 0
Narrow klass pointer bits 32, Max shift 3
Narrow klass base: 0xffffffffffffffff, Narrow klass shift: -1
Encoding Range: [0xffffffffffffffff - 0x000000007fffffff), (2147483648 bytes)
Klass Range:    [0x0000000000000000 - 0x0000000000000000), (0 bytes)
Klass ID Range:  [4294967295 - 0) (1)

GC Precious Log:
 CardTable entry size: 512
 Card Set container configuration: InlinePtr #cards 4 size 8 Array Of Cards #cards 32 size 80 Howl #buckets 8 coarsen threshold 7372 Howl Bitmap #cards 1024 size 144 coarsen threshold 921 Card regions per heap region 1 cards per card region 8192

Heap:
 garbage-first heap   total reserved 8249344K, committed 0K, used 0K [0x0000000608800000, 0x0000000800000000)
  region size 4096K, 0 young (0K), 0 survivors (0K)

[error occurred during error reporting (printing heap information), id 0xc0000005, EXCEPTION_ACCESS_VIOLATION (0xc0000005) at pc=0x00007ffec1cde679]
GC Heap History (0 events):
No events

Dll operation events (1 events):
Event: 0.006 Loaded shared library C:\Program Files\Java\jdk-24\bin\java.dll

Deoptimization events (0 events):
No events

Classes loaded (0 events):
No events

Classes unloaded (0 events):
No events

Classes redefined (0 events):
No events

Internal exceptions (0 events):
No events

VM Operations (0 events):
No events

Memory protections (0 events):
No events

Nmethod flushes (0 events):
No events

Events (0 events):
No events


Dynamic libraries:
0x00007ff65e370000 - 0x00007ff65e380000 	C:\Program Files\Java\jdk-24\bin\java.exe
0x00007fff459a0000 - 0x00007fff45c08000 	C:\WINDOWS\SYSTEM32\ntdll.dll
0x00007fff441a0000 - 0x00007fff44269000 	C:\WINDOWS\System32\KERNEL32.DLL
0x00007fff43310000 - 0x00007fff43708000 	C:\WINDOWS\System32\KERNELBASE.dll
0x00007fff43110000 - 0x00007fff4325b000 	C:\WINDOWS\System32\ucrtbase.dll
0x00007fff3bf80000 - 0x00007fff3bf96000 	C:\Program Files\Java\jdk-24\bin\jli.dll
0x00007fff2aed0000 - 0x00007fff2aeeb000 	C:\Program Files\Java\jdk-24\bin\VCRUNTIME140.dll
0x00007fff45610000 - 0x00007fff457d7000 	C:\WINDOWS\System32\USER32.dll
0x00007fff43710000 - 0x00007fff43737000 	C:\WINDOWS\System32\win32u.dll
0x00007fff24700000 - 0x00007fff24994000 	C:\WINDOWS\WinSxS\amd64_microsoft.windows.common-controls_6595b64144ccf1df_6.0.26100.7019_none_3e06ffa0e335b8a8\COMCTL32.dll
0x00007fff43a10000 - 0x00007fff43a3b000 	C:\WINDOWS\System32\GDI32.dll
0x00007fff43e60000 - 0x00007fff43f09000 	C:\WINDOWS\System32\msvcrt.dll
0x00007fff42fe0000 - 0x00007fff4310c000 	C:\WINDOWS\System32\gdi32full.dll
0x00007fff43260000 - 0x00007fff43303000 	C:\WINDOWS\System32\msvcp_win.dll
0x00007fff44270000 - 0x00007fff442a1000 	C:\WINDOWS\System32\IMM32.DLL
0x00007fff3c450000 - 0x00007fff3c45c000 	C:\Program Files\Java\jdk-24\bin\vcruntime140_1.dll
0x00007fff16020000 - 0x00007fff160ae000 	C:\Program Files\Java\jdk-24\bin\msvcp140.dll
0x00007ffec1550000 - 0x00007ffec22f1000 	C:\Program Files\Java\jdk-24\bin\server\jvm.dll
0x00007fff43c80000 - 0x00007fff43d34000 	C:\WINDOWS\System32\ADVAPI32.dll
0x00007fff43b50000 - 0x00007fff43bf6000 	C:\WINDOWS\System32\sechost.dll
0x00007fff43d40000 - 0x00007fff43e58000 	C:\WINDOWS\System32\RPCRT4.dll
0x00007fff458e0000 - 0x00007fff45954000 	C:\WINDOWS\System32\WS2_32.dll
0x00007fff3cf70000 - 0x00007fff3cfa5000 	C:\WINDOWS\SYSTEM32\WINMM.dll
0x00007fff3a7d0000 - 0x00007fff3a7db000 	C:\WINDOWS\SYSTEM32\VERSION.dll
0x00007fff42950000 - 0x00007fff429ae000 	C:\WINDOWS\SYSTEM32\POWRPROF.dll
0x00007fff42930000 - 0x00007fff42944000 	C:\WINDOWS\SYSTEM32\UMPDC.dll
0x00007fff41810000 - 0x00007fff4182b000 	C:\WINDOWS\SYSTEM32\kernel.appcore.dll
0x00007fff35b40000 - 0x00007fff35b4a000 	C:\Program Files\Java\jdk-24\bin\jimage.dll
0x00007fff40120000 - 0x00007fff40362000 	C:\WINDOWS\SYSTEM32\DBGHELP.DLL
0x00007fff442b0000 - 0x00007fff4463b000 	C:\WINDOWS\System32\combase.dll
0x00007fff44090000 - 0x00007fff44167000 	C:\WINDOWS\System32\OLEAUT32.dll
0x00007fff26240000 - 0x00007fff2627c000 	C:\WINDOWS\SYSTEM32\dbgcore.DLL
0x00007fff42e70000 - 0x00007fff42f15000 	C:\WINDOWS\System32\bcryptPrimitives.dll
0x00007fff35770000 - 0x00007fff3577f000 	C:\Program Files\Java\jdk-24\bin\instrument.dll
0x00007fff2aeb0000 - 0x00007fff2aece000 	C:\Program Files\Java\jdk-24\bin\java.dll
0x00007fff44640000 - 0x00007fff447d7000 	C:\WINDOWS\System32\ole32.dll
0x00007fff44900000 - 0x00007fff4504f000 	C:\WINDOWS\System32\SHELL32.dll
0x00007fff42af0000 - 0x00007fff42c5b000 	C:\WINDOWS\System32\wintypes.dll

JVMTI agents:
C:\Program Files\JetBrains\IntelliJ IDEA Community Edition 2025.2.4\lib\idea_rt.jar path:none, loaded, not initialized, instrumentlib options:60172

dbghelp: loaded successfully - version: 4.0.5 - missing functions: none
symbol engine: initialized successfully - sym options: 0x614 - pdb path: .;C:\Program Files\Java\jdk-24\bin;C:\WINDOWS\SYSTEM32;C:\WINDOWS\WinSxS\amd64_microsoft.windows.common-controls_6595b64144ccf1df_6.0.26100.7019_none_3e06ffa0e335b8a8;C:\Program Files\Java\jdk-24\bin\server

VM Arguments:
jvm_args: -javaagent:C:\Program Files\JetBrains\IntelliJ IDEA Community Edition 2025.2.4\lib\idea_rt.jar=60172 -Dfile.encoding=UTF-8 -Dsun.stdout.encoding=UTF-8 -Dsun.stderr.encoding=UTF-8 
java_command: ex201
java_class_path (initial): C:\Users\admin\Desktop\2513510079\Java_TNI\labsheet02\LabSheet02\out\production\LabSheet02
Launcher Type: SUN_STANDARD

[Global flags]
     intx CICompilerCount                          = 4                                         {product} {ergonomic}
     uint ConcGCThreads                            = 3                                         {product} {ergonomic}
     uint G1ConcRefinementThreads                  = 11                                        {product} {ergonomic}
   size_t G1HeapRegionSize                         = 4194304                                   {product} {ergonomic}
   size_t InitialHeapSize                          = 528482304                                 {product} {ergonomic}
   size_t MarkStackSize                            = 4194304                                   {product} {ergonomic}
   size_t MarkStackSizeMax                         = 536870912                                 {product} {ergonomic}
   size_t MaxHeapSize                              = 8447328256                                {product} {ergonomic}
   size_t MinHeapDeltaBytes                        = 4194304                                   {product} {ergonomic}
   size_t MinHeapSize                              = 8388608                                   {product} {ergonomic}
    uintx NonNMethodCodeHeapSize                   = 5832704                                {pd product} {ergonomic}
    uintx NonProfiledCodeHeapSize                  = 122945536                              {pd product} {ergonomic}
    uintx ProfiledCodeHeapSize                     = 122880000                              {pd product} {ergonomic}
    uintx ReservedCodeCacheSize                    = 251658240                              {pd product} {ergonomic}
     bool SegmentedCodeCache                       = true                                      {product} {ergonomic}
   size_t SoftMaxHeapSize                          = 8447328256                             {manageable} {ergonomic}
     bool UseCompressedOops                        = true                           {product lp64_product} {ergonomic}
     bool UseG1GC                                  = true                                      {product} {ergonomic}
     bool UseLargePagesIndividualAllocation        = false                                  {pd product} {ergonomic}

Logging:
Log output configuration:
 #0: stdout all=warning uptime,level,tags foldmultilines=false
 #1: stderr all=off uptime,level,tags foldmultilines=false

Environment Variables:
PATH=C:\Program Files\Python313\Scripts\;C:\Program Files\Python313\;C:\Program Files\Common Files\Oracle\Java\javapath;C:\Program Files (x86)\Common Files\Oracle\Java\java8path;C:\Program Files (x86)\Common Files\Oracle\Java\javapath;C:\app\admin\product\18.0.0\dbhomeXE\bin;C:\WINDOWS\system32;C:\WINDOWS;C:\WINDOWS\System32\Wbem;C:\WINDOWS\System32\WindowsPowerShell\v1.0\;C:\WINDOWS\System32\OpenSSH\;C:\Program Files\dotnet\;C:\Program Files\NVIDIA Corporation\NVIDIA App\NvDLISR;C:\xampp\php;C:\ProgramData\ComposerSetup\bin;C:\Program Files\nodejs\;C:\ProgramData\chocolatey\bin;C:\Program Files\Microsoft VS Code\bin;C:\Program Files\Git\cmd;C:\Program Files (x86)\Windows Kits\10\Windows Performance Toolkit\;C:\Users\admin\AppData\Local\Microsoft\WindowsApps;C:\Users\admin\AppData\Roaming\Composer\vendor\bin;C:\Users\admin\AppData\Roaming\npm;C:\Users\admin\.dotnet\tools
USERNAME=admin
OS=Windows_NT
PROCESSOR_IDENTIFIER=Intel64 Family 6 Model 198 Stepping 2, GenuineIntel
TMP=C:\Users\admin\AppData\Local\Temp
TEMP=C:\Users\admin\AppData\Local\Temp




Periodic native trim disabled

---------------  S Y S T E M  ---------------

OS:
 Windows 11 , 64 bit Build 26100 (10.0.26100.7019)
OS uptime: 7 days 0:34 hours
Hyper-V role detected

CPU: total 14 (initial active 14) (14 cores per cpu, 1 threads per core) family 6 model 198 stepping 2 microcode 0x118, cx8, cmov, fxsr, mmx, 3dnowpref, sse, sse2, sse3, ssse3, sse4.1, sse4.2, popcnt, lzcnt, tsc, tscinvbit, avx, avx2, aes, erms, clmul, bmi1, bmi2, adx, sha, fma, vzeroupper, clflush, clflushopt, clwb, hv, serialize, rdtscp, rdpid, fsrm, gfni, f16c, cet_ibt, cet_ss, avx_ifma, sha512
Processor Information for processor 0
  Max Mhz: 3400, Current Mhz: 3400, Mhz Limit: 3400
Processor Information for processor 1
  Max Mhz: 3400, Current Mhz: 3400, Mhz Limit: 3400
Processor Information for processor 2
  Max Mhz: 2900, Current Mhz: 2900, Mhz Limit: 2900
Processor Information for processor 3
  Max Mhz: 2900, Current Mhz: 2900, Mhz Limit: 2900
Processor Information for processor 4
  Max Mhz: 2900, Current Mhz: 2900, Mhz Limit: 2900
Processor Information for processor 5
  Max Mhz: 2900, Current Mhz: 2900, Mhz Limit: 2900
Processor Information for processor 6
  Max Mhz: 2900, Current Mhz: 2900, Mhz Limit: 2900
Processor Information for processor 7
  Max Mhz: 2900, Current Mhz: 2900, Mhz Limit: 2900
Processor Information for processor 8
  Max Mhz: 2900, Current Mhz: 2900, Mhz Limit: 2900
Processor Information for processor 9
  Max Mhz: 2900, Current Mhz: 2900, Mhz Limit: 2900
Processor Information for processor 10
  Max Mhz: 3400, Current Mhz: 3400, Mhz Limit: 3400
Processor Information for processor 11
  Max Mhz: 3400, Current Mhz: 3400, Mhz Limit: 3400
Processor Information for processor 12
  Max Mhz: 3400, Current Mhz: 3400, Mhz Limit: 3400
Processor Information for processor 13
  Max Mhz: 3400, Current Mhz: 3400, Mhz Limit: 3400

Memory: 4k page, system-wide physical 32210M (10058M free)
TotalPageFile size 130514M (AvailPageFile size 139M)
current process WorkingSet (physical memory assigned to process): 14M, peak: 14M
current process commit charge ("private bytes"): 67M, peak: 571M

vm_info: Java HotSpot(TM) 64-Bit Server VM (24.0.2+12-54) for windows-amd64 JRE (24.0.2+12-54), built on 2025-07-08T12:10:27Z with MS VC++ 17.6 (VS2022)

END.
